<?xml version="1.0" encoding="UTF-8"?>
<!-- Generated by org.testng.reporters.JUnitReportReporter -->
<testsuite hostname="ATMECSINLT-601" failures="0" tests="1" name="com.atmecs.employee_management.operations.OneToOneMapping" time="37.993" errors="0" timestamp="2020-11-05T13:37:08 IST" skipped="0">
  <testcase classname="com.atmecs.employee_management.operations.OneToOneMapping" name="oneToOneMapping" time="37.993"/>
  <system-out/>
</testsuite> <!-- com.atmecs.employee_management.operations.OneToOneMapping -->
