<?xml version="1.0" encoding="UTF-8"?>
<!-- Generated by org.testng.reporters.JUnitReportReporter -->
<testsuite hostname="ATMECSINLT-601" failures="0" tests="1" name="com.atmecs.employee_management.operations.OneToOneMapping" time="44.648" errors="0" timestamp="2020-11-04T16:39:02 IST" skipped="0">
  <testcase classname="com.atmecs.employee_management.operations.OneToOneMapping" name="oneToOneMapping" time="44.648"/>
  <system-out/>
</testsuite> <!-- com.atmecs.employee_management.operations.OneToOneMapping -->
